2025-06-30T05:21:40 {"block_run_id": 128, "block_uuid": "brewery_bronze_export", "pipeline_run_id": 38, "pipeline_schedule_id": 19, "pipeline_uuid": "elt_proj_breweries", "hostname": "f872de4d7a35", "block_type": "data_exporter", "level": "INFO", "message": "Start executing block with BlockExecutor.", "timestamp": 1751260900.120204, "uuid": "39987da6ef844c07b1b592b658c7cdcb"}
2025-06-30T05:21:40 {"block_run_id": 128, "block_uuid": "brewery_bronze_export", "pipeline_run_id": 38, "pipeline_schedule_id": 19, "pipeline_uuid": "elt_proj_breweries", "hostname": "f872de4d7a35", "block_type": "data_exporter", "level": "INFO", "message": "[Erro] Tentativa 1/3 falhou ao exportar para S3.", "timestamp": 1751260900.978558, "uuid": "0b5f5ee422154c92ba6bc4e14c7f436a"}
2025-06-30T05:21:40 {"block_run_id": 128, "block_uuid": "brewery_bronze_export", "pipeline_run_id": 38, "pipeline_schedule_id": 19, "pipeline_uuid": "elt_proj_breweries", "hostname": "f872de4d7a35", "block_type": "data_exporter", "level": "INFO", "message": "Traceback (most recent call last):", "timestamp": 1751260900.992437, "uuid": "32ea6066fc324ba1af1982a257404d12"}
2025-06-30T05:21:40 {"block_run_id": 128, "block_uuid": "brewery_bronze_export", "pipeline_run_id": 38, "pipeline_schedule_id": 19, "pipeline_uuid": "elt_proj_breweries", "hostname": "f872de4d7a35", "block_type": "data_exporter", "level": "INFO", "message": "  File \"<string>\", line 38, in export_data_to_s3", "timestamp": 1751260900.994086, "uuid": "be248c68d13049fc88bfc35192a09fee"}
2025-06-30T05:21:40 {"block_run_id": 128, "block_uuid": "brewery_bronze_export", "pipeline_run_id": 38, "pipeline_schedule_id": 19, "pipeline_uuid": "elt_proj_breweries", "hostname": "f872de4d7a35", "block_type": "data_exporter", "level": "INFO", "message": "  File \"/usr/local/lib/python3.10/site-packages/mage_ai/io/s3.py\", line 120, in export", "timestamp": 1751260900.995715, "uuid": "1724a5ba0ff84f45a3ff2d43e9056f9a"}
2025-06-30T05:21:40 {"block_run_id": 128, "block_uuid": "brewery_bronze_export", "pipeline_run_id": 38, "pipeline_schedule_id": 19, "pipeline_uuid": "elt_proj_breweries", "hostname": "f872de4d7a35", "block_type": "data_exporter", "level": "INFO", "message": "    self.client.put_object(Body=buffer, Bucket=bucket_name, Key=object_key)", "timestamp": 1751260900.997349, "uuid": "87e52d43fdec46f298b1965926ba5c14"}
2025-06-30T05:21:40 {"block_run_id": 128, "block_uuid": "brewery_bronze_export", "pipeline_run_id": 38, "pipeline_schedule_id": 19, "pipeline_uuid": "elt_proj_breweries", "hostname": "f872de4d7a35", "block_type": "data_exporter", "level": "INFO", "message": "  File \"/usr/local/lib/python3.10/site-packages/botocore/client.py\", line 530, in _api_call", "timestamp": 1751260900.998913, "uuid": "1a3ff02e5f644edda6ad00e247356936"}
2025-06-30T05:21:41 {"block_run_id": 128, "block_uuid": "brewery_bronze_export", "pipeline_run_id": 38, "pipeline_schedule_id": 19, "pipeline_uuid": "elt_proj_breweries", "hostname": "f872de4d7a35", "block_type": "data_exporter", "level": "INFO", "message": "    return self._make_api_call(operation_name, kwargs)", "timestamp": 1751260901.000497, "uuid": "5163ee3bf331467faa9b5b42bdbfc90b"}
2025-06-30T05:21:41 {"block_run_id": 128, "block_uuid": "brewery_bronze_export", "pipeline_run_id": 38, "pipeline_schedule_id": 19, "pipeline_uuid": "elt_proj_breweries", "hostname": "f872de4d7a35", "block_type": "data_exporter", "level": "INFO", "message": "  File \"/usr/local/lib/python3.10/site-packages/botocore/client.py\", line 964, in _make_api_call", "timestamp": 1751260901.002012, "uuid": "02229ecca809428ebe69bbd65a16ea3c"}
2025-06-30T05:21:41 {"block_run_id": 128, "block_uuid": "brewery_bronze_export", "pipeline_run_id": 38, "pipeline_schedule_id": 19, "pipeline_uuid": "elt_proj_breweries", "hostname": "f872de4d7a35", "block_type": "data_exporter", "level": "INFO", "message": "    raise error_class(parsed_response, operation_name)", "timestamp": 1751260901.003553, "uuid": "b8ad62c26e8d4e5bb46a875c6442f3c2"}
2025-06-30T05:21:41 {"block_run_id": 128, "block_uuid": "brewery_bronze_export", "pipeline_run_id": 38, "pipeline_schedule_id": 19, "pipeline_uuid": "elt_proj_breweries", "hostname": "f872de4d7a35", "block_type": "data_exporter", "level": "INFO", "message": "botocore.errorfactory.NoSuchBucket: An error occurred (NoSuchBucket) when calling the PutObject operation: The specified bucket does not exist", "timestamp": 1751260901.005077, "uuid": "e36ffd616a5b489d8377a9857d0e7dc6"}
2025-06-30T05:21:43 {"block_run_id": 128, "block_uuid": "brewery_bronze_export", "pipeline_run_id": 38, "pipeline_schedule_id": 19, "pipeline_uuid": "elt_proj_breweries", "hostname": "f872de4d7a35", "block_type": "data_exporter", "level": "INFO", "message": "[Erro] Tentativa 2/3 falhou ao exportar para S3.", "timestamp": 1751260903.606601, "uuid": "080d07d47a5548b6966f8db6813f77e7"}
2025-06-30T05:21:43 {"block_run_id": 128, "block_uuid": "brewery_bronze_export", "pipeline_run_id": 38, "pipeline_schedule_id": 19, "pipeline_uuid": "elt_proj_breweries", "hostname": "f872de4d7a35", "block_type": "data_exporter", "level": "INFO", "message": "Traceback (most recent call last):", "timestamp": 1751260903.608251, "uuid": "8b6f5a3a292c4a10bd7187b0c4dfb47b"}
2025-06-30T05:21:43 {"block_run_id": 128, "block_uuid": "brewery_bronze_export", "pipeline_run_id": 38, "pipeline_schedule_id": 19, "pipeline_uuid": "elt_proj_breweries", "hostname": "f872de4d7a35", "block_type": "data_exporter", "level": "INFO", "message": "  File \"<string>\", line 38, in export_data_to_s3", "timestamp": 1751260903.610122, "uuid": "26319c4192ad459c96c7b85d4a8c032b"}
2025-06-30T05:21:43 {"block_run_id": 128, "block_uuid": "brewery_bronze_export", "pipeline_run_id": 38, "pipeline_schedule_id": 19, "pipeline_uuid": "elt_proj_breweries", "hostname": "f872de4d7a35", "block_type": "data_exporter", "level": "INFO", "message": "  File \"/usr/local/lib/python3.10/site-packages/mage_ai/io/s3.py\", line 120, in export", "timestamp": 1751260903.612023, "uuid": "83bfa2e5d3574f38b0dc1ab1db775948"}
2025-06-30T05:21:43 {"block_run_id": 128, "block_uuid": "brewery_bronze_export", "pipeline_run_id": 38, "pipeline_schedule_id": 19, "pipeline_uuid": "elt_proj_breweries", "hostname": "f872de4d7a35", "block_type": "data_exporter", "level": "INFO", "message": "    self.client.put_object(Body=buffer, Bucket=bucket_name, Key=object_key)", "timestamp": 1751260903.614268, "uuid": "a24589d91dd14b9dad5fc15c0ea08456"}
2025-06-30T05:21:43 {"block_run_id": 128, "block_uuid": "brewery_bronze_export", "pipeline_run_id": 38, "pipeline_schedule_id": 19, "pipeline_uuid": "elt_proj_breweries", "hostname": "f872de4d7a35", "block_type": "data_exporter", "level": "INFO", "message": "  File \"/usr/local/lib/python3.10/site-packages/botocore/client.py\", line 530, in _api_call", "timestamp": 1751260903.615993, "uuid": "216ef2321a4a4dd5905a351e51ace1af"}
2025-06-30T05:21:43 {"block_run_id": 128, "block_uuid": "brewery_bronze_export", "pipeline_run_id": 38, "pipeline_schedule_id": 19, "pipeline_uuid": "elt_proj_breweries", "hostname": "f872de4d7a35", "block_type": "data_exporter", "level": "INFO", "message": "    return self._make_api_call(operation_name, kwargs)", "timestamp": 1751260903.617549, "uuid": "c78b03ab4dbb4c5cbd117b0866626547"}
2025-06-30T05:21:43 {"block_run_id": 128, "block_uuid": "brewery_bronze_export", "pipeline_run_id": 38, "pipeline_schedule_id": 19, "pipeline_uuid": "elt_proj_breweries", "hostname": "f872de4d7a35", "block_type": "data_exporter", "level": "INFO", "message": "  File \"/usr/local/lib/python3.10/site-packages/botocore/client.py\", line 964, in _make_api_call", "timestamp": 1751260903.619089, "uuid": "54847655c76343cd8b67c86923e5c370"}
2025-06-30T05:21:43 {"block_run_id": 128, "block_uuid": "brewery_bronze_export", "pipeline_run_id": 38, "pipeline_schedule_id": 19, "pipeline_uuid": "elt_proj_breweries", "hostname": "f872de4d7a35", "block_type": "data_exporter", "level": "INFO", "message": "    raise error_class(parsed_response, operation_name)", "timestamp": 1751260903.620558, "uuid": "1cc223b0a59c4a1e97b204081af012bd"}
2025-06-30T05:21:43 {"block_run_id": 128, "block_uuid": "brewery_bronze_export", "pipeline_run_id": 38, "pipeline_schedule_id": 19, "pipeline_uuid": "elt_proj_breweries", "hostname": "f872de4d7a35", "block_type": "data_exporter", "level": "INFO", "message": "botocore.errorfactory.NoSuchBucket: An error occurred (NoSuchBucket) when calling the PutObject operation: The specified bucket does not exist", "timestamp": 1751260903.622149, "uuid": "3b9b191e60ed4a04b1155381349df4a8"}
2025-06-30T05:21:46 {"block_run_id": 128, "block_uuid": "brewery_bronze_export", "pipeline_run_id": 38, "pipeline_schedule_id": 19, "pipeline_uuid": "elt_proj_breweries", "hostname": "f872de4d7a35", "block_type": "data_exporter", "level": "INFO", "message": "[Erro] Tentativa 3/3 falhou ao exportar para S3.", "timestamp": 1751260906.306127, "uuid": "088a7b1d6c574050b2dc3a3874007c43"}
2025-06-30T05:21:46 {"block_run_id": 128, "block_uuid": "brewery_bronze_export", "pipeline_run_id": 38, "pipeline_schedule_id": 19, "pipeline_uuid": "elt_proj_breweries", "hostname": "f872de4d7a35", "block_type": "data_exporter", "level": "INFO", "message": "Traceback (most recent call last):", "timestamp": 1751260906.307896, "uuid": "b9192b286c1c454b85abb978644a77e7"}
2025-06-30T05:21:46 {"block_run_id": 128, "block_uuid": "brewery_bronze_export", "pipeline_run_id": 38, "pipeline_schedule_id": 19, "pipeline_uuid": "elt_proj_breweries", "hostname": "f872de4d7a35", "block_type": "data_exporter", "level": "INFO", "message": "  File \"<string>\", line 38, in export_data_to_s3", "timestamp": 1751260906.309288, "uuid": "abd0366598fc46a5bcc5a52ed404a47e"}
2025-06-30T05:21:46 {"block_run_id": 128, "block_uuid": "brewery_bronze_export", "pipeline_run_id": 38, "pipeline_schedule_id": 19, "pipeline_uuid": "elt_proj_breweries", "hostname": "f872de4d7a35", "block_type": "data_exporter", "level": "INFO", "message": "  File \"/usr/local/lib/python3.10/site-packages/mage_ai/io/s3.py\", line 120, in export", "timestamp": 1751260906.310917, "uuid": "083d7d8ea2cc45b1b6272bfa83b86b7b"}
2025-06-30T05:21:46 {"block_run_id": 128, "block_uuid": "brewery_bronze_export", "pipeline_run_id": 38, "pipeline_schedule_id": 19, "pipeline_uuid": "elt_proj_breweries", "hostname": "f872de4d7a35", "block_type": "data_exporter", "level": "INFO", "message": "    self.client.put_object(Body=buffer, Bucket=bucket_name, Key=object_key)", "timestamp": 1751260906.312731, "uuid": "e2c669af58764eba8cc54fe3a65be324"}
2025-06-30T05:21:46 {"block_run_id": 128, "block_uuid": "brewery_bronze_export", "pipeline_run_id": 38, "pipeline_schedule_id": 19, "pipeline_uuid": "elt_proj_breweries", "hostname": "f872de4d7a35", "block_type": "data_exporter", "level": "INFO", "message": "  File \"/usr/local/lib/python3.10/site-packages/botocore/client.py\", line 530, in _api_call", "timestamp": 1751260906.314313, "uuid": "a1b087bb4c764139bffd7f72332928f6"}
2025-06-30T05:21:46 {"block_run_id": 128, "block_uuid": "brewery_bronze_export", "pipeline_run_id": 38, "pipeline_schedule_id": 19, "pipeline_uuid": "elt_proj_breweries", "hostname": "f872de4d7a35", "block_type": "data_exporter", "level": "INFO", "message": "    return self._make_api_call(operation_name, kwargs)", "timestamp": 1751260906.315789, "uuid": "e3fb5b63343647d0aa2314a5d9a82c34"}
2025-06-30T05:21:46 {"block_run_id": 128, "block_uuid": "brewery_bronze_export", "pipeline_run_id": 38, "pipeline_schedule_id": 19, "pipeline_uuid": "elt_proj_breweries", "hostname": "f872de4d7a35", "block_type": "data_exporter", "level": "INFO", "message": "  File \"/usr/local/lib/python3.10/site-packages/botocore/client.py\", line 964, in _make_api_call", "timestamp": 1751260906.317262, "uuid": "c6d9ceaecefe4066a0ecb95a560476a0"}
2025-06-30T05:21:46 {"block_run_id": 128, "block_uuid": "brewery_bronze_export", "pipeline_run_id": 38, "pipeline_schedule_id": 19, "pipeline_uuid": "elt_proj_breweries", "hostname": "f872de4d7a35", "block_type": "data_exporter", "level": "INFO", "message": "    raise error_class(parsed_response, operation_name)", "timestamp": 1751260906.318918, "uuid": "62d98dc913e14d3e91def61afdce8876"}
2025-06-30T05:21:46 {"block_run_id": 128, "block_uuid": "brewery_bronze_export", "pipeline_run_id": 38, "pipeline_schedule_id": 19, "pipeline_uuid": "elt_proj_breweries", "hostname": "f872de4d7a35", "block_type": "data_exporter", "level": "INFO", "message": "botocore.errorfactory.NoSuchBucket: An error occurred (NoSuchBucket) when calling the PutObject operation: The specified bucket does not exist", "timestamp": 1751260906.320719, "uuid": "8273bb73ca984551aa91f96d1442c565"}
2025-06-30T05:21:48 {"block_run_id": 128, "block_uuid": "brewery_bronze_export", "pipeline_run_id": 38, "pipeline_schedule_id": 19, "pipeline_uuid": "elt_proj_breweries", "hostname": "f872de4d7a35", "block_type": "data_exporter", "level": "WARNING", "message": "Exception thrown when attempting to run <function BlockExecutor.execute.<locals>.__execute_with_retry at 0x7266cacfd000>, attempt 1 of 1", "timestamp": 1751260908.24689, "uuid": "3501820b202c4c90ad5a13a565bdb074", "error": "Traceback (most recent call last):\n  File \"<string>\", line 38, in export_data_to_s3\n  File \"/usr/local/lib/python3.10/site-packages/mage_ai/io/s3.py\", line 120, in export\n    self.client.put_object(Body=buffer, Bucket=bucket_name, Key=object_key)\n  File \"/usr/local/lib/python3.10/site-packages/botocore/client.py\", line 530, in _api_call\n    return self._make_api_call(operation_name, kwargs)\n  File \"/usr/local/lib/python3.10/site-packages/botocore/client.py\", line 964, in _make_api_call\n    raise error_class(parsed_response, operation_name)\nbotocore.errorfactory.NoSuchBucket: An error occurred (NoSuchBucket) when calling the PutObject operation: The specified bucket does not exist\n\nThe above exception was the direct cause of the following exception:\n\nTraceback (most recent call last):\n  File \"/usr/local/lib/python3.10/site-packages/mage_ai/shared/retry.py\", line 38, in retry_func\n    return func(*args, **kwargs)\n  File \"/usr/local/lib/python3.10/site-packages/mage_ai/data_preparation/executors/block_executor.py\", line 621, in __execute_with_retry\n    return self._execute(\n  File \"/usr/local/lib/python3.10/site-packages/mage_ai/data_preparation/executors/block_executor.py\", line 1154, in _execute\n    result = self.block.execute_sync(\n  File \"/usr/local/lib/python3.10/site-packages/mage_ai/data_preparation/models/block/__init__.py\", line 1691, in execute_sync\n    return __execute()\n  File \"/usr/local/lib/python3.10/site-packages/mage_ai/data_preparation/models/block/__init__.py\", line 1668, in __execute\n    raise err\n  File \"/usr/local/lib/python3.10/site-packages/mage_ai/data_preparation/models/block/__init__.py\", line 1570, in __execute\n    output = self.execute_block(\n  File \"/usr/local/lib/python3.10/site-packages/mage_ai/data_preparation/models/block/__init__.py\", line 1910, in execute_block\n    outputs = self._execute_block(\n  File \"/usr/local/lib/python3.10/site-packages/mage_ai/data_preparation/models/block/__init__.py\", line 2073, in _execute_block\n    outputs = self.execute_block_function(\n  File \"/usr/local/lib/python3.10/site-packages/mage_ai/data_preparation/models/block/__init__.py\", line 2169, in execute_block_function\n    output = block_function_updated(*input_vars, **global_vars)\n  File \"<string>\", line 55, in export_data_to_s3\nRuntimeError: [Falha Cr\u00edtica] N\u00e3o foi poss\u00edvel exportar os dados para s3://db-inbev-bronze-layer1/breweries_raw.json ap\u00f3s 3 tentativas.\n", "error_stack": ["  File \"/usr/local/bin/mage\", line 8, in <module>\n    sys.exit(app())\n", "  File \"/usr/local/lib/python3.10/site-packages/typer/main.py\", line 311, in __call__\n    return get_command(self)(*args, **kwargs)\n", "  File \"/usr/local/lib/python3.10/site-packages/click/core.py\", line 1442, in __call__\n    return self.main(*args, **kwargs)\n", "  File \"/usr/local/lib/python3.10/site-packages/typer/core.py\", line 778, in main\n    return _main(\n", "  File \"/usr/local/lib/python3.10/site-packages/typer/core.py\", line 216, in _main\n    rv = self.invoke(ctx)\n", "  File \"/usr/local/lib/python3.10/site-packages/click/core.py\", line 1830, in invoke\n    return _process_result(sub_ctx.command.invoke(sub_ctx))\n", "  File \"/usr/local/lib/python3.10/site-packages/click/core.py\", line 1226, in invoke\n    return ctx.invoke(self.callback, **ctx.params)\n", "  File \"/usr/local/lib/python3.10/site-packages/click/core.py\", line 794, in invoke\n    return callback(*args, **kwargs)\n", "  File \"/usr/local/lib/python3.10/site-packages/typer/main.py\", line 683, in wrapper\n    return callback(**use_params)  # type: ignore\n", "  File \"/usr/local/lib/python3.10/site-packages/mage_ai/cli/main.py\", line 147, in start\n    start_server(\n", "  File \"/usr/local/lib/python3.10/site-packages/mage_ai/server/server.py\", line 809, in start_server\n    scheduler_manager.start_scheduler()\n", "  File \"/usr/local/lib/python3.10/site-packages/mage_ai/server/scheduler_manager.py\", line 108, in start_scheduler\n    proc.start()\n", "  File \"/usr/local/lib/python3.10/multiprocessing/process.py\", line 121, in start\n    self._popen = self._Popen(self)\n", "  File \"/usr/local/lib/python3.10/multiprocessing/context.py\", line 224, in _Popen\n    return _default_context.get_context().Process._Popen(process_obj)\n", "  File \"/usr/local/lib/python3.10/multiprocessing/context.py\", line 281, in _Popen\n    return Popen(process_obj)\n", "  File \"/usr/local/lib/python3.10/multiprocessing/popen_fork.py\", line 19, in __init__\n    self._launch(process_obj)\n", "  File \"/usr/local/lib/python3.10/multiprocessing/popen_fork.py\", line 71, in _launch\n    code = process_obj._bootstrap(parent_sentinel=child_r)\n", "  File \"/usr/local/lib/python3.10/multiprocessing/process.py\", line 314, in _bootstrap\n    self.run()\n", "  File \"/usr/local/lib/python3.10/multiprocessing/process.py\", line 108, in run\n    self._target(*self._args, **self._kwargs)\n", "  File \"/usr/local/lib/python3.10/site-packages/mage_ai/orchestration/db/process.py\", line 15, in start_session_and_run\n    results = target(*args)\n", "  File \"/usr/local/lib/python3.10/site-packages/mage_ai/server/scheduler_manager.py\", line 60, in run_scheduler\n    LoopTimeTrigger().start()\n", "  File \"/usr/local/lib/python3.10/site-packages/mage_ai/orchestration/triggers/loop_time_trigger.py\", line 14, in start\n    self.run()\n", "  File \"/usr/local/lib/python3.10/site-packages/mage_ai/orchestration/triggers/time_trigger.py\", line 11, in run\n    schedule_all()\n", "  File \"/usr/local/lib/python3.10/site-packages/mage_ai/orchestration/pipeline_scheduler_original.py\", line 1730, in schedule_all\n    PipelineScheduler(r).schedule()\n", "  File \"/usr/local/lib/python3.10/site-packages/mage_ai/orchestration/db/__init__.py\", line 159, in func_with_rollback\n    return func(*args, **kwargs)\n", "  File \"/usr/local/lib/python3.10/site-packages/mage_ai/orchestration/pipeline_scheduler_original.py\", line 333, in schedule\n    self.__schedule_blocks(block_runs)\n", "  File \"/usr/local/lib/python3.10/site-packages/mage_ai/orchestration/pipeline_scheduler_original.py\", line 640, in __schedule_blocks\n    job_manager.add_job(\n", "  File \"/usr/local/lib/python3.10/site-packages/mage_ai/orchestration/job_manager.py\", line 20, in add_job\n    self.queue.enqueue(job_id, target, *args, **kwargs)\n", "  File \"/usr/local/lib/python3.10/site-packages/mage_ai/orchestration/queue/process_queue.py\", line 122, in enqueue\n    self.start_worker_pool()\n", "  File \"/usr/local/lib/python3.10/site-packages/mage_ai/orchestration/queue/process_queue.py\", line 199, in start_worker_pool\n    self.worker_pool_proc.start()\n", "  File \"/usr/local/lib/python3.10/multiprocessing/process.py\", line 121, in start\n    self._popen = self._Popen(self)\n", "  File \"/usr/local/lib/python3.10/multiprocessing/context.py\", line 224, in _Popen\n    return _default_context.get_context().Process._Popen(process_obj)\n", "  File \"/usr/local/lib/python3.10/multiprocessing/context.py\", line 281, in _Popen\n    return Popen(process_obj)\n", "  File \"/usr/local/lib/python3.10/multiprocessing/popen_fork.py\", line 19, in __init__\n    self._launch(process_obj)\n", "  File \"/usr/local/lib/python3.10/multiprocessing/popen_fork.py\", line 71, in _launch\n    code = process_obj._bootstrap(parent_sentinel=child_r)\n", "  File \"/usr/local/lib/python3.10/multiprocessing/process.py\", line 314, in _bootstrap\n    self.run()\n", "  File \"/usr/local/lib/python3.10/multiprocessing/process.py\", line 108, in run\n    self._target(*self._args, **self._kwargs)\n", "  File \"/usr/local/lib/python3.10/site-packages/mage_ai/orchestration/queue/process_queue.py\", line 353, in poll_job_and_execute\n    worker.start()\n", "  File \"/usr/local/lib/python3.10/multiprocessing/process.py\", line 121, in start\n    self._popen = self._Popen(self)\n", "  File \"/usr/local/lib/python3.10/multiprocessing/context.py\", line 224, in _Popen\n    return _default_context.get_context().Process._Popen(process_obj)\n", "  File \"/usr/local/lib/python3.10/multiprocessing/context.py\", line 281, in _Popen\n    return Popen(process_obj)\n", "  File \"/usr/local/lib/python3.10/multiprocessing/popen_fork.py\", line 19, in __init__\n    self._launch(process_obj)\n", "  File \"/usr/local/lib/python3.10/multiprocessing/popen_fork.py\", line 71, in _launch\n    code = process_obj._bootstrap(parent_sentinel=child_r)\n", "  File \"/usr/local/lib/python3.10/multiprocessing/process.py\", line 314, in _bootstrap\n    self.run()\n", "  File \"/usr/local/lib/python3.10/site-packages/newrelic/api/background_task.py\", line 117, in wrapper\n    return wrapped(*args, **kwargs)\n", "  File \"/usr/local/lib/python3.10/site-packages/mage_ai/orchestration/queue/process_queue.py\", line 317, in run\n    start_session_and_run(args[1], *args[2], **args[3])\n", "  File \"/usr/local/lib/python3.10/site-packages/mage_ai/orchestration/db/process.py\", line 15, in start_session_and_run\n    results = target(*args)\n", "  File \"/usr/local/lib/python3.10/site-packages/mage_ai/orchestration/pipeline_scheduler_original.py\", line 1235, in run_block\n    return ExecutorFactory.get_block_executor(\n", "  File \"/usr/local/lib/python3.10/site-packages/mage_ai/data_preparation/executors/block_executor.py\", line 647, in execute\n    result = __execute_with_retry()\n", "  File \"/usr/local/lib/python3.10/site-packages/mage_ai/shared/retry.py\", line 46, in retry_func\n    logger.warning(\n", "  File \"/usr/local/lib/python3.10/site-packages/mage_ai/data_preparation/logging/logger.py\", line 39, in warning\n    self.__send_message('warning', message, **kwargs)\n", "  File \"/usr/local/lib/python3.10/site-packages/mage_ai/data_preparation/logging/logger.py\", line 65, in __send_message\n    data['error_stack'] = traceback.format_stack()\n"], "error_stacktrace": "[Falha Cr\u00edtica] N\u00e3o foi poss\u00edvel exportar os dados para s3://db-inbev-bronze-layer1/breweries_raw.json ap\u00f3s 3 tentativas."}
2025-06-30T05:21:48 {"block_run_id": 128, "block_uuid": "brewery_bronze_export", "pipeline_run_id": 38, "pipeline_schedule_id": 19, "pipeline_uuid": "elt_proj_breweries", "hostname": "f872de4d7a35", "block_type": "data_exporter", "level": "EXCEPTION", "message": "Failed to execute block brewery_bronze_export", "timestamp": 1751260908.252078, "uuid": "91fa614661b14e28a6efeb5bfadde70e", "error": "Traceback (most recent call last):\n  File \"<string>\", line 38, in export_data_to_s3\n  File \"/usr/local/lib/python3.10/site-packages/mage_ai/io/s3.py\", line 120, in export\n    self.client.put_object(Body=buffer, Bucket=bucket_name, Key=object_key)\n  File \"/usr/local/lib/python3.10/site-packages/botocore/client.py\", line 530, in _api_call\n    return self._make_api_call(operation_name, kwargs)\n  File \"/usr/local/lib/python3.10/site-packages/botocore/client.py\", line 964, in _make_api_call\n    raise error_class(parsed_response, operation_name)\nbotocore.errorfactory.NoSuchBucket: An error occurred (NoSuchBucket) when calling the PutObject operation: The specified bucket does not exist\n\nThe above exception was the direct cause of the following exception:\n\nTraceback (most recent call last):\n  File \"/usr/local/lib/python3.10/site-packages/mage_ai/data_preparation/executors/block_executor.py\", line 647, in execute\n    result = __execute_with_retry()\n  File \"/usr/local/lib/python3.10/site-packages/mage_ai/shared/retry.py\", line 54, in retry_func\n    raise e\n  File \"/usr/local/lib/python3.10/site-packages/mage_ai/shared/retry.py\", line 38, in retry_func\n    return func(*args, **kwargs)\n  File \"/usr/local/lib/python3.10/site-packages/mage_ai/data_preparation/executors/block_executor.py\", line 621, in __execute_with_retry\n    return self._execute(\n  File \"/usr/local/lib/python3.10/site-packages/mage_ai/data_preparation/executors/block_executor.py\", line 1154, in _execute\n    result = self.block.execute_sync(\n  File \"/usr/local/lib/python3.10/site-packages/mage_ai/data_preparation/models/block/__init__.py\", line 1691, in execute_sync\n    return __execute()\n  File \"/usr/local/lib/python3.10/site-packages/mage_ai/data_preparation/models/block/__init__.py\", line 1668, in __execute\n    raise err\n  File \"/usr/local/lib/python3.10/site-packages/mage_ai/data_preparation/models/block/__init__.py\", line 1570, in __execute\n    output = self.execute_block(\n  File \"/usr/local/lib/python3.10/site-packages/mage_ai/data_preparation/models/block/__init__.py\", line 1910, in execute_block\n    outputs = self._execute_block(\n  File \"/usr/local/lib/python3.10/site-packages/mage_ai/data_preparation/models/block/__init__.py\", line 2073, in _execute_block\n    outputs = self.execute_block_function(\n  File \"/usr/local/lib/python3.10/site-packages/mage_ai/data_preparation/models/block/__init__.py\", line 2169, in execute_block_function\n    output = block_function_updated(*input_vars, **global_vars)\n  File \"<string>\", line 55, in export_data_to_s3\nRuntimeError: [Falha Cr\u00edtica] N\u00e3o foi poss\u00edvel exportar os dados para s3://db-inbev-bronze-layer1/breweries_raw.json ap\u00f3s 3 tentativas.\n", "error_stack": ["  File \"/usr/local/bin/mage\", line 8, in <module>\n    sys.exit(app())\n", "  File \"/usr/local/lib/python3.10/site-packages/typer/main.py\", line 311, in __call__\n    return get_command(self)(*args, **kwargs)\n", "  File \"/usr/local/lib/python3.10/site-packages/click/core.py\", line 1442, in __call__\n    return self.main(*args, **kwargs)\n", "  File \"/usr/local/lib/python3.10/site-packages/typer/core.py\", line 778, in main\n    return _main(\n", "  File \"/usr/local/lib/python3.10/site-packages/typer/core.py\", line 216, in _main\n    rv = self.invoke(ctx)\n", "  File \"/usr/local/lib/python3.10/site-packages/click/core.py\", line 1830, in invoke\n    return _process_result(sub_ctx.command.invoke(sub_ctx))\n", "  File \"/usr/local/lib/python3.10/site-packages/click/core.py\", line 1226, in invoke\n    return ctx.invoke(self.callback, **ctx.params)\n", "  File \"/usr/local/lib/python3.10/site-packages/click/core.py\", line 794, in invoke\n    return callback(*args, **kwargs)\n", "  File \"/usr/local/lib/python3.10/site-packages/typer/main.py\", line 683, in wrapper\n    return callback(**use_params)  # type: ignore\n", "  File \"/usr/local/lib/python3.10/site-packages/mage_ai/cli/main.py\", line 147, in start\n    start_server(\n", "  File \"/usr/local/lib/python3.10/site-packages/mage_ai/server/server.py\", line 809, in start_server\n    scheduler_manager.start_scheduler()\n", "  File \"/usr/local/lib/python3.10/site-packages/mage_ai/server/scheduler_manager.py\", line 108, in start_scheduler\n    proc.start()\n", "  File \"/usr/local/lib/python3.10/multiprocessing/process.py\", line 121, in start\n    self._popen = self._Popen(self)\n", "  File \"/usr/local/lib/python3.10/multiprocessing/context.py\", line 224, in _Popen\n    return _default_context.get_context().Process._Popen(process_obj)\n", "  File \"/usr/local/lib/python3.10/multiprocessing/context.py\", line 281, in _Popen\n    return Popen(process_obj)\n", "  File \"/usr/local/lib/python3.10/multiprocessing/popen_fork.py\", line 19, in __init__\n    self._launch(process_obj)\n", "  File \"/usr/local/lib/python3.10/multiprocessing/popen_fork.py\", line 71, in _launch\n    code = process_obj._bootstrap(parent_sentinel=child_r)\n", "  File \"/usr/local/lib/python3.10/multiprocessing/process.py\", line 314, in _bootstrap\n    self.run()\n", "  File \"/usr/local/lib/python3.10/multiprocessing/process.py\", line 108, in run\n    self._target(*self._args, **self._kwargs)\n", "  File \"/usr/local/lib/python3.10/site-packages/mage_ai/orchestration/db/process.py\", line 15, in start_session_and_run\n    results = target(*args)\n", "  File \"/usr/local/lib/python3.10/site-packages/mage_ai/server/scheduler_manager.py\", line 60, in run_scheduler\n    LoopTimeTrigger().start()\n", "  File \"/usr/local/lib/python3.10/site-packages/mage_ai/orchestration/triggers/loop_time_trigger.py\", line 14, in start\n    self.run()\n", "  File \"/usr/local/lib/python3.10/site-packages/mage_ai/orchestration/triggers/time_trigger.py\", line 11, in run\n    schedule_all()\n", "  File \"/usr/local/lib/python3.10/site-packages/mage_ai/orchestration/pipeline_scheduler_original.py\", line 1730, in schedule_all\n    PipelineScheduler(r).schedule()\n", "  File \"/usr/local/lib/python3.10/site-packages/mage_ai/orchestration/db/__init__.py\", line 159, in func_with_rollback\n    return func(*args, **kwargs)\n", "  File \"/usr/local/lib/python3.10/site-packages/mage_ai/orchestration/pipeline_scheduler_original.py\", line 333, in schedule\n    self.__schedule_blocks(block_runs)\n", "  File \"/usr/local/lib/python3.10/site-packages/mage_ai/orchestration/pipeline_scheduler_original.py\", line 640, in __schedule_blocks\n    job_manager.add_job(\n", "  File \"/usr/local/lib/python3.10/site-packages/mage_ai/orchestration/job_manager.py\", line 20, in add_job\n    self.queue.enqueue(job_id, target, *args, **kwargs)\n", "  File \"/usr/local/lib/python3.10/site-packages/mage_ai/orchestration/queue/process_queue.py\", line 122, in enqueue\n    self.start_worker_pool()\n", "  File \"/usr/local/lib/python3.10/site-packages/mage_ai/orchestration/queue/process_queue.py\", line 199, in start_worker_pool\n    self.worker_pool_proc.start()\n", "  File \"/usr/local/lib/python3.10/multiprocessing/process.py\", line 121, in start\n    self._popen = self._Popen(self)\n", "  File \"/usr/local/lib/python3.10/multiprocessing/context.py\", line 224, in _Popen\n    return _default_context.get_context().Process._Popen(process_obj)\n", "  File \"/usr/local/lib/python3.10/multiprocessing/context.py\", line 281, in _Popen\n    return Popen(process_obj)\n", "  File \"/usr/local/lib/python3.10/multiprocessing/popen_fork.py\", line 19, in __init__\n    self._launch(process_obj)\n", "  File \"/usr/local/lib/python3.10/multiprocessing/popen_fork.py\", line 71, in _launch\n    code = process_obj._bootstrap(parent_sentinel=child_r)\n", "  File \"/usr/local/lib/python3.10/multiprocessing/process.py\", line 314, in _bootstrap\n    self.run()\n", "  File \"/usr/local/lib/python3.10/multiprocessing/process.py\", line 108, in run\n    self._target(*self._args, **self._kwargs)\n", "  File \"/usr/local/lib/python3.10/site-packages/mage_ai/orchestration/queue/process_queue.py\", line 353, in poll_job_and_execute\n    worker.start()\n", "  File \"/usr/local/lib/python3.10/multiprocessing/process.py\", line 121, in start\n    self._popen = self._Popen(self)\n", "  File \"/usr/local/lib/python3.10/multiprocessing/context.py\", line 224, in _Popen\n    return _default_context.get_context().Process._Popen(process_obj)\n", "  File \"/usr/local/lib/python3.10/multiprocessing/context.py\", line 281, in _Popen\n    return Popen(process_obj)\n", "  File \"/usr/local/lib/python3.10/multiprocessing/popen_fork.py\", line 19, in __init__\n    self._launch(process_obj)\n", "  File \"/usr/local/lib/python3.10/multiprocessing/popen_fork.py\", line 71, in _launch\n    code = process_obj._bootstrap(parent_sentinel=child_r)\n", "  File \"/usr/local/lib/python3.10/multiprocessing/process.py\", line 314, in _bootstrap\n    self.run()\n", "  File \"/usr/local/lib/python3.10/site-packages/newrelic/api/background_task.py\", line 117, in wrapper\n    return wrapped(*args, **kwargs)\n", "  File \"/usr/local/lib/python3.10/site-packages/mage_ai/orchestration/queue/process_queue.py\", line 317, in run\n    start_session_and_run(args[1], *args[2], **args[3])\n", "  File \"/usr/local/lib/python3.10/site-packages/mage_ai/orchestration/db/process.py\", line 15, in start_session_and_run\n    results = target(*args)\n", "  File \"/usr/local/lib/python3.10/site-packages/mage_ai/orchestration/pipeline_scheduler_original.py\", line 1235, in run_block\n    return ExecutorFactory.get_block_executor(\n", "  File \"/usr/local/lib/python3.10/site-packages/mage_ai/data_preparation/executors/block_executor.py\", line 649, in execute\n    self.logger.exception(\n", "  File \"/usr/local/lib/python3.10/site-packages/mage_ai/data_preparation/logging/logger.py\", line 30, in exception\n    self.__send_message('exception', message, **kwargs)\n", "  File \"/usr/local/lib/python3.10/site-packages/mage_ai/data_preparation/logging/logger.py\", line 65, in __send_message\n    data['error_stack'] = traceback.format_stack()\n"], "error_stacktrace": "[Falha Cr\u00edtica] N\u00e3o foi poss\u00edvel exportar os dados para s3://db-inbev-bronze-layer1/breweries_raw.json ap\u00f3s 3 tentativas."}
Traceback (most recent call last):
  File "<string>", line 38, in export_data_to_s3
  File "/usr/local/lib/python3.10/site-packages/mage_ai/io/s3.py", line 120, in export
    self.client.put_object(Body=buffer, Bucket=bucket_name, Key=object_key)
  File "/usr/local/lib/python3.10/site-packages/botocore/client.py", line 530, in _api_call
    return self._make_api_call(operation_name, kwargs)
  File "/usr/local/lib/python3.10/site-packages/botocore/client.py", line 964, in _make_api_call
    raise error_class(parsed_response, operation_name)
botocore.errorfactory.NoSuchBucket: An error occurred (NoSuchBucket) when calling the PutObject operation: The specified bucket does not exist

The above exception was the direct cause of the following exception:

Traceback (most recent call last):
  File "/usr/local/lib/python3.10/site-packages/mage_ai/data_preparation/executors/block_executor.py", line 647, in execute
    result = __execute_with_retry()
  File "/usr/local/lib/python3.10/site-packages/mage_ai/shared/retry.py", line 54, in retry_func
    raise e
  File "/usr/local/lib/python3.10/site-packages/mage_ai/shared/retry.py", line 38, in retry_func
    return func(*args, **kwargs)
  File "/usr/local/lib/python3.10/site-packages/mage_ai/data_preparation/executors/block_executor.py", line 621, in __execute_with_retry
    return self._execute(
  File "/usr/local/lib/python3.10/site-packages/mage_ai/data_preparation/executors/block_executor.py", line 1154, in _execute
    result = self.block.execute_sync(
  File "/usr/local/lib/python3.10/site-packages/mage_ai/data_preparation/models/block/__init__.py", line 1691, in execute_sync
    return __execute()
  File "/usr/local/lib/python3.10/site-packages/mage_ai/data_preparation/models/block/__init__.py", line 1668, in __execute
    raise err
  File "/usr/local/lib/python3.10/site-packages/mage_ai/data_preparation/models/block/__init__.py", line 1570, in __execute
    output = self.execute_block(
  File "/usr/local/lib/python3.10/site-packages/mage_ai/data_preparation/models/block/__init__.py", line 1910, in execute_block
    outputs = self._execute_block(
  File "/usr/local/lib/python3.10/site-packages/mage_ai/data_preparation/models/block/__init__.py", line 2073, in _execute_block
    outputs = self.execute_block_function(
  File "/usr/local/lib/python3.10/site-packages/mage_ai/data_preparation/models/block/__init__.py", line 2169, in execute_block_function
    output = block_function_updated(*input_vars, **global_vars)
  File "<string>", line 55, in export_data_to_s3
RuntimeError: [Falha Crítica] Não foi possível exportar os dados para s3://db-inbev-bronze-layer1/breweries_raw.json após 3 tentativas.
