2025-06-30T02:34:31 {"cpu": 0.27197265625, "cpu_total": 6, "cpu_usage": 0.045328776041666664, "memory": 1408.0, "memory_total": 9990.0, "memory_usage": 0.14094094094094095, "pipeline_run_id": 13, "pipeline_schedule_id": 9, "pipeline_uuid": "elt_proj_breweries", "hostname": "8897dda96d86", "level": "INFO", "message": "Pipeline elt_proj_breweries for run 13 in schedule 9 is alive.", "timestamp": 1751250871.897814, "uuid": "e838527ea9b346dca21735cd09c5939b"}
2025-06-30T02:34:32 {"cpu": 0.27197265625, "cpu_total": 6, "cpu_usage": 0.045328776041666664, "memory": 1437.0, "memory_total": 9990.0, "memory_usage": 0.14384384384384385, "pipeline_run_id": 13, "pipeline_schedule_id": 9, "pipeline_uuid": "elt_proj_breweries", "hostname": "8897dda96d86", "level": "INFO", "message": "Pipeline elt_proj_breweries for run 13 in schedule 9 is alive.", "timestamp": 1751250872.200222, "uuid": "cf051a172ebf43dfa29fd32d3826891f"}
2025-06-30T02:34:32 {"block_run_id": 91, "block_uuid": "import_data_api", "pipeline_run_id": 13, "pipeline_schedule_id": 9, "pipeline_uuid": "elt_proj_breweries", "hostname": "8897dda96d86", "level": "INFO", "message": "Execute PipelineRun 13, BlockRun 91: pipeline elt_proj_breweries block import_data_api", "timestamp": 1751250872.264336, "uuid": "d8ac7a6004704f9594ddebdd75fdeb88"}
2025-06-30T02:34:38 {"cpu": 0.2705078125, "cpu_total": 6, "cpu_usage": 0.045084635416666664, "memory": 1463.0, "memory_total": 9990.0, "memory_usage": 0.14644644644644644, "pipeline_run_id": 13, "pipeline_schedule_id": 9, "pipeline_uuid": "elt_proj_breweries", "hostname": "8897dda96d86", "level": "INFO", "message": "Pipeline elt_proj_breweries for run 13 in schedule 9 is alive.", "timestamp": 1751250878.830701, "uuid": "4c580dcb2dfe4ab281ea0bced4418d23"}
2025-06-30T02:34:49 {"cpu": 0.27734375, "cpu_total": 6, "cpu_usage": 0.046223958333333336, "memory": 1468.0, "memory_total": 9990.0, "memory_usage": 0.14694694694694696, "pipeline_run_id": 13, "pipeline_schedule_id": 9, "pipeline_uuid": "elt_proj_breweries", "hostname": "8897dda96d86", "level": "INFO", "message": "Pipeline elt_proj_breweries for run 13 in schedule 9 is alive.", "timestamp": 1751250889.133151, "uuid": "8c61fd83bd604c0890ed63850b33d0b7"}
2025-06-30T02:34:58 {"cpu": 0.275390625, "cpu_total": 6, "cpu_usage": 0.0458984375, "memory": 1472.0, "memory_total": 9990.0, "memory_usage": 0.14734734734734733, "pipeline_run_id": 13, "pipeline_schedule_id": 9, "pipeline_uuid": "elt_proj_breweries", "hostname": "8897dda96d86", "level": "INFO", "message": "Pipeline elt_proj_breweries for run 13 in schedule 9 is alive.", "timestamp": 1751250898.447286, "uuid": "a65e5d42be254f8895d1d01bd0de334c"}
2025-06-30T02:35:05 {"cpu": 0.271484375, "cpu_total": 6, "cpu_usage": 0.045247395833333336, "memory": 1597.0, "memory_total": 9990.0, "memory_usage": 0.15985985985985987, "pipeline_run_id": 13, "pipeline_schedule_id": 9, "pipeline_uuid": "elt_proj_breweries", "hostname": "8897dda96d86", "level": "INFO", "message": "Pipeline elt_proj_breweries for run 13 in schedule 9 is alive.", "timestamp": 1751250905.993859, "uuid": "012f4da341884e6aac3ea9a4c7b2be20"}
2025-06-30T02:35:15 {"cpu": 0.2744140625, "cpu_total": 6, "cpu_usage": 0.045735677083333336, "memory": 1961.0, "memory_total": 9990.0, "memory_usage": 0.1962962962962963, "pipeline_run_id": 13, "pipeline_schedule_id": 9, "pipeline_uuid": "elt_proj_breweries", "hostname": "8897dda96d86", "level": "INFO", "message": "Pipeline elt_proj_breweries for run 13 in schedule 9 is alive.", "timestamp": 1751250915.353161, "uuid": "74b44e41bf934510a16c74eabe75dc0b"}
2025-06-30T02:35:16 {"block_run_id": 91, "block_uuid": "import_data_api", "pipeline_run_id": 13, "pipeline_schedule_id": 9, "pipeline_uuid": "elt_proj_breweries", "hostname": "8897dda96d86", "level": "INFO", "message": "BlockRun 91 (block_uuid: import_data_api) completes.", "timestamp": 1751250916.525701, "uuid": "60caf66ccfc44f658757de9624c3922a"}
2025-06-30T02:35:25 {"cpu": 0.2763671875, "cpu_total": 6, "cpu_usage": 0.046061197916666664, "memory": 1409.0, "memory_total": 9990.0, "memory_usage": 0.14104104104104104, "pipeline_run_id": 13, "pipeline_schedule_id": 9, "pipeline_uuid": "elt_proj_breweries", "hostname": "8897dda96d86", "level": "INFO", "message": "Pipeline elt_proj_breweries for run 13 in schedule 9 is alive.", "timestamp": 1751250925.677031, "uuid": "4cf7c4fb4c194af38ccff58809c04add"}
2025-06-30T02:35:26 {"block_run_id": 92, "block_uuid": "brewery_bronze_export", "pipeline_run_id": 13, "pipeline_schedule_id": 9, "pipeline_uuid": "elt_proj_breweries", "hostname": "8897dda96d86", "level": "INFO", "message": "Execute PipelineRun 13, BlockRun 92: pipeline elt_proj_breweries block brewery_bronze_export", "timestamp": 1751250926.05911, "uuid": "0329c54c735b436586a909cea352ba29"}
2025-06-30T02:35:32 {"block_run_id": 92, "block_uuid": "brewery_bronze_export", "pipeline_run_id": 13, "pipeline_schedule_id": 9, "pipeline_uuid": "elt_proj_breweries", "hostname": "8897dda96d86", "level": "EXCEPTION", "message": "BlockRun 92 (block_uuid: brewery_bronze_export) failed.", "timestamp": 1751250932.436629, "uuid": "6971f9d48c984f008fb3d66173ec51eb", "error": "Traceback (most recent call last):\n  File \"<string>\", line 38, in export_data_to_s3\n  File \"/usr/local/lib/python3.10/site-packages/mage_ai/io/s3.py\", line 120, in export\n    self.client.put_object(Body=buffer, Bucket=bucket_name, Key=object_key)\n  File \"/usr/local/lib/python3.10/site-packages/botocore/client.py\", line 530, in _api_call\n    return self._make_api_call(operation_name, kwargs)\n  File \"/usr/local/lib/python3.10/site-packages/botocore/client.py\", line 964, in _make_api_call\n    raise error_class(parsed_response, operation_name)\nbotocore.errorfactory.NoSuchBucket: An error occurred (NoSuchBucket) when calling the PutObject operation: The specified bucket does not exist\n\nThe above exception was the direct cause of the following exception:\n\nTraceback (most recent call last):\n  File \"/usr/local/lib/python3.10/site-packages/mage_ai/data_preparation/executors/block_executor.py\", line 647, in execute\n    result = __execute_with_retry()\n  File \"/usr/local/lib/python3.10/site-packages/mage_ai/shared/retry.py\", line 54, in retry_func\n    raise e\n  File \"/usr/local/lib/python3.10/site-packages/mage_ai/shared/retry.py\", line 38, in retry_func\n    return func(*args, **kwargs)\n  File \"/usr/local/lib/python3.10/site-packages/mage_ai/data_preparation/executors/block_executor.py\", line 621, in __execute_with_retry\n    return self._execute(\n  File \"/usr/local/lib/python3.10/site-packages/mage_ai/data_preparation/executors/block_executor.py\", line 1154, in _execute\n    result = self.block.execute_sync(\n  File \"/usr/local/lib/python3.10/site-packages/mage_ai/data_preparation/models/block/__init__.py\", line 1691, in execute_sync\n    return __execute()\n  File \"/usr/local/lib/python3.10/site-packages/mage_ai/data_preparation/models/block/__init__.py\", line 1668, in __execute\n    raise err\n  File \"/usr/local/lib/python3.10/site-packages/mage_ai/data_preparation/models/block/__init__.py\", line 1570, in __execute\n    output = self.execute_block(\n  File \"/usr/local/lib/python3.10/site-packages/mage_ai/data_preparation/models/block/__init__.py\", line 1910, in execute_block\n    outputs = self._execute_block(\n  File \"/usr/local/lib/python3.10/site-packages/mage_ai/data_preparation/models/block/__init__.py\", line 2073, in _execute_block\n    outputs = self.execute_block_function(\n  File \"/usr/local/lib/python3.10/site-packages/mage_ai/data_preparation/models/block/__init__.py\", line 2169, in execute_block_function\n    output = block_function_updated(*input_vars, **global_vars)\n  File \"<string>\", line 55, in export_data_to_s3\nRuntimeError: [Falha Cr\u00edtica] N\u00e3o foi poss\u00edvel exportar os dados para s3://db-inbev-bronze-layer1/breweries_raw.json ap\u00f3s 3 tentativas.\n", "error_stack": ["  File \"/usr/local/bin/mage\", line 8, in <module>\n    sys.exit(app())\n", "  File \"/usr/local/lib/python3.10/site-packages/typer/main.py\", line 311, in __call__\n    return get_command(self)(*args, **kwargs)\n", "  File \"/usr/local/lib/python3.10/site-packages/click/core.py\", line 1442, in __call__\n    return self.main(*args, **kwargs)\n", "  File \"/usr/local/lib/python3.10/site-packages/typer/core.py\", line 778, in main\n    return _main(\n", "  File \"/usr/local/lib/python3.10/site-packages/typer/core.py\", line 216, in _main\n    rv = self.invoke(ctx)\n", "  File \"/usr/local/lib/python3.10/site-packages/click/core.py\", line 1830, in invoke\n    return _process_result(sub_ctx.command.invoke(sub_ctx))\n", "  File \"/usr/local/lib/python3.10/site-packages/click/core.py\", line 1226, in invoke\n    return ctx.invoke(self.callback, **ctx.params)\n", "  File \"/usr/local/lib/python3.10/site-packages/click/core.py\", line 794, in invoke\n    return callback(*args, **kwargs)\n", "  File \"/usr/local/lib/python3.10/site-packages/typer/main.py\", line 683, in wrapper\n    return callback(**use_params)  # type: ignore\n", "  File \"/usr/local/lib/python3.10/site-packages/mage_ai/cli/main.py\", line 147, in start\n    start_server(\n", "  File \"/usr/local/lib/python3.10/site-packages/mage_ai/server/server.py\", line 809, in start_server\n    scheduler_manager.start_scheduler()\n", "  File \"/usr/local/lib/python3.10/site-packages/mage_ai/server/scheduler_manager.py\", line 108, in start_scheduler\n    proc.start()\n", "  File \"/usr/local/lib/python3.10/multiprocessing/process.py\", line 121, in start\n    self._popen = self._Popen(self)\n", "  File \"/usr/local/lib/python3.10/multiprocessing/context.py\", line 224, in _Popen\n    return _default_context.get_context().Process._Popen(process_obj)\n", "  File \"/usr/local/lib/python3.10/multiprocessing/context.py\", line 281, in _Popen\n    return Popen(process_obj)\n", "  File \"/usr/local/lib/python3.10/multiprocessing/popen_fork.py\", line 19, in __init__\n    self._launch(process_obj)\n", "  File \"/usr/local/lib/python3.10/multiprocessing/popen_fork.py\", line 71, in _launch\n    code = process_obj._bootstrap(parent_sentinel=child_r)\n", "  File \"/usr/local/lib/python3.10/multiprocessing/process.py\", line 314, in _bootstrap\n    self.run()\n", "  File \"/usr/local/lib/python3.10/multiprocessing/process.py\", line 108, in run\n    self._target(*self._args, **self._kwargs)\n", "  File \"/usr/local/lib/python3.10/site-packages/mage_ai/orchestration/db/process.py\", line 15, in start_session_and_run\n    results = target(*args)\n", "  File \"/usr/local/lib/python3.10/site-packages/mage_ai/server/scheduler_manager.py\", line 60, in run_scheduler\n    LoopTimeTrigger().start()\n", "  File \"/usr/local/lib/python3.10/site-packages/mage_ai/orchestration/triggers/loop_time_trigger.py\", line 14, in start\n    self.run()\n", "  File \"/usr/local/lib/python3.10/site-packages/mage_ai/orchestration/triggers/time_trigger.py\", line 11, in run\n    schedule_all()\n", "  File \"/usr/local/lib/python3.10/site-packages/mage_ai/orchestration/pipeline_scheduler_original.py\", line 1730, in schedule_all\n    PipelineScheduler(r).schedule()\n", "  File \"/usr/local/lib/python3.10/site-packages/mage_ai/orchestration/db/__init__.py\", line 159, in func_with_rollback\n    return func(*args, **kwargs)\n", "  File \"/usr/local/lib/python3.10/site-packages/mage_ai/orchestration/pipeline_scheduler_original.py\", line 333, in schedule\n    self.__schedule_blocks(block_runs)\n", "  File \"/usr/local/lib/python3.10/site-packages/mage_ai/orchestration/pipeline_scheduler_original.py\", line 640, in __schedule_blocks\n    job_manager.add_job(\n", "  File \"/usr/local/lib/python3.10/site-packages/mage_ai/orchestration/job_manager.py\", line 20, in add_job\n    self.queue.enqueue(job_id, target, *args, **kwargs)\n", "  File \"/usr/local/lib/python3.10/site-packages/mage_ai/orchestration/queue/process_queue.py\", line 122, in enqueue\n    self.start_worker_pool()\n", "  File \"/usr/local/lib/python3.10/site-packages/mage_ai/orchestration/queue/process_queue.py\", line 199, in start_worker_pool\n    self.worker_pool_proc.start()\n", "  File \"/usr/local/lib/python3.10/multiprocessing/process.py\", line 121, in start\n    self._popen = self._Popen(self)\n", "  File \"/usr/local/lib/python3.10/multiprocessing/context.py\", line 224, in _Popen\n    return _default_context.get_context().Process._Popen(process_obj)\n", "  File \"/usr/local/lib/python3.10/multiprocessing/context.py\", line 281, in _Popen\n    return Popen(process_obj)\n", "  File \"/usr/local/lib/python3.10/multiprocessing/popen_fork.py\", line 19, in __init__\n    self._launch(process_obj)\n", "  File \"/usr/local/lib/python3.10/multiprocessing/popen_fork.py\", line 71, in _launch\n    code = process_obj._bootstrap(parent_sentinel=child_r)\n", "  File \"/usr/local/lib/python3.10/multiprocessing/process.py\", line 314, in _bootstrap\n    self.run()\n", "  File \"/usr/local/lib/python3.10/multiprocessing/process.py\", line 108, in run\n    self._target(*self._args, **self._kwargs)\n", "  File \"/usr/local/lib/python3.10/site-packages/mage_ai/orchestration/queue/process_queue.py\", line 353, in poll_job_and_execute\n    worker.start()\n", "  File \"/usr/local/lib/python3.10/multiprocessing/process.py\", line 121, in start\n    self._popen = self._Popen(self)\n", "  File \"/usr/local/lib/python3.10/multiprocessing/context.py\", line 224, in _Popen\n    return _default_context.get_context().Process._Popen(process_obj)\n", "  File \"/usr/local/lib/python3.10/multiprocessing/context.py\", line 281, in _Popen\n    return Popen(process_obj)\n", "  File \"/usr/local/lib/python3.10/multiprocessing/popen_fork.py\", line 19, in __init__\n    self._launch(process_obj)\n", "  File \"/usr/local/lib/python3.10/multiprocessing/popen_fork.py\", line 71, in _launch\n    code = process_obj._bootstrap(parent_sentinel=child_r)\n", "  File \"/usr/local/lib/python3.10/multiprocessing/process.py\", line 314, in _bootstrap\n    self.run()\n", "  File \"/usr/local/lib/python3.10/site-packages/newrelic/api/background_task.py\", line 117, in wrapper\n    return wrapped(*args, **kwargs)\n", "  File \"/usr/local/lib/python3.10/site-packages/mage_ai/orchestration/queue/process_queue.py\", line 317, in run\n    start_session_and_run(args[1], *args[2], **args[3])\n", "  File \"/usr/local/lib/python3.10/site-packages/mage_ai/orchestration/db/process.py\", line 15, in start_session_and_run\n    results = target(*args)\n", "  File \"/usr/local/lib/python3.10/site-packages/mage_ai/orchestration/pipeline_scheduler_original.py\", line 1235, in run_block\n    return ExecutorFactory.get_block_executor(\n", "  File \"/usr/local/lib/python3.10/site-packages/mage_ai/data_preparation/executors/block_executor.py\", line 682, in execute\n    on_failure(\n", "  File \"/usr/local/lib/python3.10/site-packages/mage_ai/orchestration/db/__init__.py\", line 159, in func_with_rollback\n    return func(*args, **kwargs)\n", "  File \"/usr/local/lib/python3.10/site-packages/mage_ai/orchestration/pipeline_scheduler_original.py\", line 464, in on_block_failure\n    self.logger.exception(\n", "  File \"/usr/local/lib/python3.10/site-packages/mage_ai/data_preparation/logging/logger.py\", line 30, in exception\n    self.__send_message('exception', message, **kwargs)\n", "  File \"/usr/local/lib/python3.10/site-packages/mage_ai/data_preparation/logging/logger.py\", line 65, in __send_message\n    data['error_stack'] = traceback.format_stack()\n"], "error_stacktrace": "[Falha Cr\u00edtica] N\u00e3o foi poss\u00edvel exportar os dados para s3://db-inbev-bronze-layer1/breweries_raw.json ap\u00f3s 3 tentativas."}
Traceback (most recent call last):
  File "<string>", line 38, in export_data_to_s3
  File "/usr/local/lib/python3.10/site-packages/mage_ai/io/s3.py", line 120, in export
    self.client.put_object(Body=buffer, Bucket=bucket_name, Key=object_key)
  File "/usr/local/lib/python3.10/site-packages/botocore/client.py", line 530, in _api_call
    return self._make_api_call(operation_name, kwargs)
  File "/usr/local/lib/python3.10/site-packages/botocore/client.py", line 964, in _make_api_call
    raise error_class(parsed_response, operation_name)
botocore.errorfactory.NoSuchBucket: An error occurred (NoSuchBucket) when calling the PutObject operation: The specified bucket does not exist

The above exception was the direct cause of the following exception:

Traceback (most recent call last):
  File "/usr/local/lib/python3.10/site-packages/mage_ai/data_preparation/executors/block_executor.py", line 647, in execute
    result = __execute_with_retry()
  File "/usr/local/lib/python3.10/site-packages/mage_ai/shared/retry.py", line 54, in retry_func
    raise e
  File "/usr/local/lib/python3.10/site-packages/mage_ai/shared/retry.py", line 38, in retry_func
    return func(*args, **kwargs)
  File "/usr/local/lib/python3.10/site-packages/mage_ai/data_preparation/executors/block_executor.py", line 621, in __execute_with_retry
    return self._execute(
  File "/usr/local/lib/python3.10/site-packages/mage_ai/data_preparation/executors/block_executor.py", line 1154, in _execute
    result = self.block.execute_sync(
  File "/usr/local/lib/python3.10/site-packages/mage_ai/data_preparation/models/block/__init__.py", line 1691, in execute_sync
    return __execute()
  File "/usr/local/lib/python3.10/site-packages/mage_ai/data_preparation/models/block/__init__.py", line 1668, in __execute
    raise err
  File "/usr/local/lib/python3.10/site-packages/mage_ai/data_preparation/models/block/__init__.py", line 1570, in __execute
    output = self.execute_block(
  File "/usr/local/lib/python3.10/site-packages/mage_ai/data_preparation/models/block/__init__.py", line 1910, in execute_block
    outputs = self._execute_block(
  File "/usr/local/lib/python3.10/site-packages/mage_ai/data_preparation/models/block/__init__.py", line 2073, in _execute_block
    outputs = self.execute_block_function(
  File "/usr/local/lib/python3.10/site-packages/mage_ai/data_preparation/models/block/__init__.py", line 2169, in execute_block_function
    output = block_function_updated(*input_vars, **global_vars)
  File "<string>", line 55, in export_data_to_s3
RuntimeError: [Falha Crítica] Não foi possível exportar os dados para s3://db-inbev-bronze-layer1/breweries_raw.json após 3 tentativas.
2025-06-30T02:35:33 {"cpu": 0.28369140625, "cpu_total": 6, "cpu_usage": 0.047281901041666664, "memory": 1411.0, "memory_total": 9990.0, "memory_usage": 0.14124124124124124, "pipeline_run_id": 13, "pipeline_schedule_id": 9, "pipeline_uuid": "elt_proj_breweries", "hostname": "8897dda96d86", "level": "INFO", "message": "Pipeline elt_proj_breweries for run 13 in schedule 9 is alive.", "timestamp": 1751250933.396805, "uuid": "5003e9af85f04d6eb5241af62d78e21e"}
